[0.023s] Invoking command in '/Users/bogdancprljakovic/ros2_ws/build/text_subscriber': CMAKE_PREFIX_PATH=/Users/bogdancprljakovic/ros2_ws/install/custom_msg_pkg:/opt/anaconda3/envs/ros2:/Users/bogdancprljakovic/ros2_ws/install/text_publisher CONDA_PROMPT_MODIFIER=(ros2) DYLD_LIBRARY_PATH=/Users/bogdancprljakovic/ros2_ws/install/custom_msg_pkg/lib PYTHONPATH=/Users/bogdancprljakovic/ros2_ws/install/custom_msg_pkg/lib/python3.11/site-packages:/Users/bogdancprljakovic/ros2_ws/build/text_publisher:/Users/bogdancprljakovic/ros2_ws/install/text_publisher/lib/python3.11/site-packages:/opt/anaconda3/envs/ros2/lib/python311/site-packages:/opt/anaconda3/envs/ros2/lib/python3.11/site-packages SHLVL=2 _=/opt/anaconda3/envs/ros2/bin/env __CF_USER_TEXT_ENCODING=0x1F5:0x0:0x0 /opt/anaconda3/envs/ros2/bin/cmake --build /Users/bogdancprljakovic/ros2_ws/build/text_subscriber -- -j8 -l8
[0.129s] [ 50%] Building CXX object CMakeFiles/subscriber_node.dir/src/subscriber_node.cpp.o
[1.212s] /Users/bogdancprljakovic/ros2_ws/src/text_subscriber/src/subscriber_node.cpp:2:10: fatal error: 'custom_msg_pkg/msg/TextStamped.hpp' file not found
[1.212s]     2 | #include "custom_msg_pkg/msg/TextStamped.hpp"
[1.212s]       |          ^~~~~~~~~~~~~~~~~~~~~~~~~~~~~~~~~~~~
[1.219s] 1 error generated.
[1.225s] make[2]: *** [CMakeFiles/subscriber_node.dir/build.make:79: CMakeFiles/subscriber_node.dir/src/subscriber_node.cpp.o] Error 1
[1.226s] make[1]: *** [CMakeFiles/Makefile2:153: CMakeFiles/subscriber_node.dir/all] Error 2
[1.226s] make: *** [Makefile:146: all] Error 2
[1.227s] Invoked command in '/Users/bogdancprljakovic/ros2_ws/build/text_subscriber' returned '2': CMAKE_PREFIX_PATH=/Users/bogdancprljakovic/ros2_ws/install/custom_msg_pkg:/opt/anaconda3/envs/ros2:/Users/bogdancprljakovic/ros2_ws/install/text_publisher CONDA_PROMPT_MODIFIER=(ros2) DYLD_LIBRARY_PATH=/Users/bogdancprljakovic/ros2_ws/install/custom_msg_pkg/lib PYTHONPATH=/Users/bogdancprljakovic/ros2_ws/install/custom_msg_pkg/lib/python3.11/site-packages:/Users/bogdancprljakovic/ros2_ws/build/text_publisher:/Users/bogdancprljakovic/ros2_ws/install/text_publisher/lib/python3.11/site-packages:/opt/anaconda3/envs/ros2/lib/python311/site-packages:/opt/anaconda3/envs/ros2/lib/python3.11/site-packages SHLVL=2 _=/opt/anaconda3/envs/ros2/bin/env __CF_USER_TEXT_ENCODING=0x1F5:0x0:0x0 /opt/anaconda3/envs/ros2/bin/cmake --build /Users/bogdancprljakovic/ros2_ws/build/text_subscriber -- -j8 -l8
