[0.028s] Invoking command in '/Users/bogdancprljakovic/ros2_ws/build/text_subscriber': CMAKE_PREFIX_PATH=/Users/bogdancprljakovic/ros2_ws/install/custom_msg_pkg:/opt/anaconda3/envs/ros2:/Users/bogdancprljakovic/ros2_ws/install/text_publisher CONDA_PROMPT_MODIFIER=(ros2) DYLD_LIBRARY_PATH=/Users/bogdancprljakovic/ros2_ws/install/custom_msg_pkg/lib PYTHONPATH=/Users/bogdancprljakovic/ros2_ws/install/custom_msg_pkg/lib/python3.11/site-packages:/Users/bogdancprljakovic/ros2_ws/build/text_publisher:/Users/bogdancprljakovic/ros2_ws/install/text_publisher/lib/python3.11/site-packages:/opt/anaconda3/envs/ros2/lib/python311/site-packages:/opt/anaconda3/envs/ros2/lib/python3.11/site-packages SHLVL=2 _=/opt/anaconda3/envs/ros2/bin/env __CF_USER_TEXT_ENCODING=0x1F5:0x0:0x0 /opt/anaconda3/envs/ros2/bin/cmake /Users/bogdancprljakovic/ros2_ws/src/text_subscriber -DCMAKE_INSTALL_PREFIX=/Users/bogdancprljakovic/ros2_ws/install/text_subscriber
[0.158s] CMake Deprecation Warning at CMakeLists.txt:1 (cmake_minimum_required):
[0.158s]   Compatibility with CMake < 3.10 will be removed from a future version of
[0.158s]   CMake.
[0.158s] 
[0.158s]   Update the VERSION argument <min> value.  Or, use the <min>...<max> syntax
[0.158s]   to tell CMake that the project requires at least <min> but has been updated
[0.159s]   to work with policies introduced by <max> or earlier.
[0.159s] 
[0.159s] 
[0.539s] -- The C compiler identification is Clang 18.1.8
[0.663s] -- The CXX compiler identification is Clang 18.1.8
[0.697s] -- Detecting C compiler ABI info
[0.849s] -- Detecting C compiler ABI info - done
[0.853s] -- Check for working C compiler: /opt/anaconda3/envs/ros2/bin/arm64-apple-darwin20.0.0-clang - skipped
[0.853s] -- Detecting C compile features
[0.854s] -- Detecting C compile features - done
[0.859s] -- Detecting CXX compiler ABI info
[0.991s] -- Detecting CXX compiler ABI info - done
[0.995s] -- Check for working CXX compiler: /opt/anaconda3/envs/ros2/bin/arm64-apple-darwin20.0.0-clang++ - skipped
[0.996s] -- Detecting CXX compile features
[0.996s] -- Detecting CXX compile features - done
[1.077s] -- Found ament_cmake: 1.3.11 (/opt/anaconda3/envs/ros2/share/ament_cmake/cmake)
[1.208s] -- Found Python3: /opt/anaconda3/envs/ros2/bin/python3 (found version "3.11.12") found components: Interpreter
[1.655s] -- Found rclcpp: 16.0.11 (/opt/anaconda3/envs/ros2/share/rclcpp/cmake)
[1.977s] -- Found rosidl_generator_c: 3.1.6 (/opt/anaconda3/envs/ros2/share/rosidl_generator_c/cmake)
[2.035s] -- Found rosidl_adapter: 3.1.6 (/opt/anaconda3/envs/ros2/share/rosidl_adapter/cmake)
[2.099s] -- Found rosidl_generator_cpp: 3.1.6 (/opt/anaconda3/envs/ros2/share/rosidl_generator_cpp/cmake)
[2.167s] -- Using all available rosidl_typesupport_c: rosidl_typesupport_fastrtps_c;rosidl_typesupport_introspection_c
[2.264s] -- Using all available rosidl_typesupport_cpp: rosidl_typesupport_fastrtps_cpp;rosidl_typesupport_introspection_cpp
[3.241s] -- Checking for module 'yaml-0.1'
[3.331s] --   Found yaml-0.1, version 0.2.5
[3.591s] -- Found rmw_implementation_cmake: 6.1.2 (/opt/anaconda3/envs/ros2/share/rmw_implementation_cmake/cmake)
[3.622s] -- Found rmw_fastrtps_cpp: 6.2.7 (/opt/anaconda3/envs/ros2/share/rmw_fastrtps_cpp/cmake)
[4.414s] -- Found OpenSSL: /opt/anaconda3/envs/ros2/lib/libcrypto.dylib (found version "3.5.0")
[4.478s] -- Found FastRTPS: /opt/anaconda3/envs/ros2/include
[4.520s] -- Using RMW implementation 'rmw_fastrtps_cpp' as default
[4.596s] -- Performing Test CMAKE_HAVE_LIBC_PTHREAD
[4.748s] -- Performing Test CMAKE_HAVE_LIBC_PTHREAD - Success
[4.748s] -- Found Threads: TRUE
[4.869s] -- Found custom_msg_pkg: 0.0.0 (/Users/bogdancprljakovic/ros2_ws/install/custom_msg_pkg/share/custom_msg_pkg/cmake)
[4.952s] -- Found ament_lint_auto: 0.12.11 (/opt/anaconda3/envs/ros2/share/ament_lint_auto/cmake)
[5.212s] -- Added test 'cppcheck' to perform static code analysis on C / C++ code
[5.212s] -- Configured cppcheck include dirs: 
[5.212s] -- Configured cppcheck exclude dirs and/or files: 
[5.213s] -- Added test 'lint_cmake' to check CMake code style
[5.214s] -- Added test 'uncrustify' to check C / C++ code style
[5.214s] -- Configured uncrustify additional arguments: 
[5.215s] -- Added test 'xmllint' to check XML markup files
[5.216s] -- Configuring done (5.1s)
[5.233s] CMake Warning (dev) at CMakeLists.txt:13 (add_executable):
[5.233s]   Policy CMP0115 is not set: Source file extensions must be explicit.  Run
[5.233s]   "cmake --help-policy CMP0115" for policy details.  Use the cmake_policy
[5.233s]   command to set the policy and suppress this warning.
[5.233s] 
[5.233s]   File:
[5.233s] 
[5.233s]     /Users/bogdancprljakovic/ros2_ws/src/text_subscriber/src/subscriber_node.cpp
[5.233s] This warning is for project developers.  Use -Wno-dev to suppress it.
[5.233s] 
[5.391s] -- Generating done (0.2s)
[5.391s] -- Build files have been written to: /Users/bogdancprljakovic/ros2_ws/build/text_subscriber
[5.395s] Invoked command in '/Users/bogdancprljakovic/ros2_ws/build/text_subscriber' returned '0': CMAKE_PREFIX_PATH=/Users/bogdancprljakovic/ros2_ws/install/custom_msg_pkg:/opt/anaconda3/envs/ros2:/Users/bogdancprljakovic/ros2_ws/install/text_publisher CONDA_PROMPT_MODIFIER=(ros2) DYLD_LIBRARY_PATH=/Users/bogdancprljakovic/ros2_ws/install/custom_msg_pkg/lib PYTHONPATH=/Users/bogdancprljakovic/ros2_ws/install/custom_msg_pkg/lib/python3.11/site-packages:/Users/bogdancprljakovic/ros2_ws/build/text_publisher:/Users/bogdancprljakovic/ros2_ws/install/text_publisher/lib/python3.11/site-packages:/opt/anaconda3/envs/ros2/lib/python311/site-packages:/opt/anaconda3/envs/ros2/lib/python3.11/site-packages SHLVL=2 _=/opt/anaconda3/envs/ros2/bin/env __CF_USER_TEXT_ENCODING=0x1F5:0x0:0x0 /opt/anaconda3/envs/ros2/bin/cmake /Users/bogdancprljakovic/ros2_ws/src/text_subscriber -DCMAKE_INSTALL_PREFIX=/Users/bogdancprljakovic/ros2_ws/install/text_subscriber
[5.398s] Invoking command in '/Users/bogdancprljakovic/ros2_ws/build/text_subscriber': CMAKE_PREFIX_PATH=/Users/bogdancprljakovic/ros2_ws/install/custom_msg_pkg:/opt/anaconda3/envs/ros2:/Users/bogdancprljakovic/ros2_ws/install/text_publisher CONDA_PROMPT_MODIFIER=(ros2) DYLD_LIBRARY_PATH=/Users/bogdancprljakovic/ros2_ws/install/custom_msg_pkg/lib PYTHONPATH=/Users/bogdancprljakovic/ros2_ws/install/custom_msg_pkg/lib/python3.11/site-packages:/Users/bogdancprljakovic/ros2_ws/build/text_publisher:/Users/bogdancprljakovic/ros2_ws/install/text_publisher/lib/python3.11/site-packages:/opt/anaconda3/envs/ros2/lib/python311/site-packages:/opt/anaconda3/envs/ros2/lib/python3.11/site-packages SHLVL=2 _=/opt/anaconda3/envs/ros2/bin/env __CF_USER_TEXT_ENCODING=0x1F5:0x0:0x0 /opt/anaconda3/envs/ros2/bin/cmake --build /Users/bogdancprljakovic/ros2_ws/build/text_subscriber -- -j8 -l8
[5.467s] [ 50%] Building CXX object CMakeFiles/subscriber_node.dir/src/subscriber_node.cpp.o
[5.487s] /Users/bogdancprljakovic/ros2_ws/src/text_subscriber/src/subscriber_node.cpp:1:10: fatal error: 'rclcpp' file not found
[5.487s]     1 | #include "rclcpp"
[5.487s]       |          ^~~~~~~~
[5.824s] 1 error generated.
[5.825s] make[2]: *** [CMakeFiles/subscriber_node.dir/build.make:79: CMakeFiles/subscriber_node.dir/src/subscriber_node.cpp.o] Error 1
[5.825s] make[1]: *** [CMakeFiles/Makefile2:153: CMakeFiles/subscriber_node.dir/all] Error 2
[5.825s] make: *** [Makefile:146: all] Error 2
[5.826s] Invoked command in '/Users/bogdancprljakovic/ros2_ws/build/text_subscriber' returned '2': CMAKE_PREFIX_PATH=/Users/bogdancprljakovic/ros2_ws/install/custom_msg_pkg:/opt/anaconda3/envs/ros2:/Users/bogdancprljakovic/ros2_ws/install/text_publisher CONDA_PROMPT_MODIFIER=(ros2) DYLD_LIBRARY_PATH=/Users/bogdancprljakovic/ros2_ws/install/custom_msg_pkg/lib PYTHONPATH=/Users/bogdancprljakovic/ros2_ws/install/custom_msg_pkg/lib/python3.11/site-packages:/Users/bogdancprljakovic/ros2_ws/build/text_publisher:/Users/bogdancprljakovic/ros2_ws/install/text_publisher/lib/python3.11/site-packages:/opt/anaconda3/envs/ros2/lib/python311/site-packages:/opt/anaconda3/envs/ros2/lib/python3.11/site-packages SHLVL=2 _=/opt/anaconda3/envs/ros2/bin/env __CF_USER_TEXT_ENCODING=0x1F5:0x0:0x0 /opt/anaconda3/envs/ros2/bin/cmake --build /Users/bogdancprljakovic/ros2_ws/build/text_subscriber -- -j8 -l8
